TN:
SF:config\config.js
FN:46,(anonymous_0)
FN:52,(anonymous_1)
FN:56,(anonymous_2)
FN:61,(anonymous_3)
FNF:4
FNH:2
FNDA:1,(anonymous_0)
FNDA:0,(anonymous_1)
FNDA:0,(anonymous_2)
FNDA:1,(anonymous_3)
DA:2,1
DA:6,1
DA:47,1
DA:48,1
DA:49,1
DA:53,0
DA:58,0
DA:59,0
LF:8
LH:5
BRF:0
BRH:0
end_of_record
TN:
SF:pages\basePage.js
FN:16,loaded
FN:17,(anonymous_7)
FN:26,OpenBrowser
FN:37,isVisible
FN:41,isNotVisible
FN:45,isPresent
FN:49,isNotPresent
FN:53,isClickable
FN:57,hasText
FN:61,notHasText
FN:65,and
FN:69,titleIs
FN:77,monthName
FN:86,filterAndClick
FN:88,(anonymous_20)
FN:89,(anonymous_21)
FN:99,dateSelect
FN:102,(anonymous_23)
FN:103,(anonymous_24)
FN:113,formatDate
FN:135,selectDropdownValue
FN:145,readText
FN:146,(anonymous_28)
FNF:23
FNH:12
FNDA:3,loaded
FNDA:3,(anonymous_7)
FNDA:3,OpenBrowser
FNDA:0,isVisible
FNDA:0,isNotVisible
FNDA:25,isPresent
FNDA:0,isNotPresent
FNDA:0,isClickable
FNDA:0,hasText
FNDA:0,notHasText
FNDA:0,and
FNDA:0,titleIs
FNDA:6,monthName
FNDA:3,filterAndClick
FNDA:24,(anonymous_20)
FNDA:24,(anonymous_21)
FNDA:6,dateSelect
FNDA:282,(anonymous_23)
FNDA:282,(anonymous_24)
FNDA:0,formatDate
FNDA:1,selectDropdownValue
FNDA:0,readText
FNDA:0,(anonymous_28)
DA:3,1
DA:6,1
DA:16,3
DA:17,3
DA:18,3
DA:27,3
DA:28,3
DA:29,3
DA:30,3
DA:38,0
DA:42,0
DA:46,25
DA:50,0
DA:54,0
DA:58,0
DA:62,0
DA:66,0
DA:70,0
DA:78,6
DA:79,6
DA:87,3
DA:88,3
DA:89,24
DA:90,24
DA:100,6
DA:101,6
DA:102,6
DA:103,282
DA:104,282
DA:115,0
DA:119,0
DA:122,0
DA:125,0
DA:128,0
DA:136,1
DA:137,1
DA:146,0
DA:147,0
LF:38
LH:23
BRDA:122,0,0,0
BRDA:122,0,1,0
BRDA:125,1,0,0
BRDA:125,1,1,0
BRF:4
BRH:0
end_of_record
TN:
SF:pages\homePage.js
FN:10,HomePage
FN:32,(anonymous_12)
FN:33,(anonymous_13)
FN:41,clickHotel
FN:48,setDestination
FN:63,selectCheckInDate
FN:82,selectAdults
FN:89,clickSearchHotel
FNF:8
FNH:6
FNDA:1,HomePage
FNDA:0,(anonymous_12)
FNDA:0,(anonymous_13)
FNDA:3,clickHotel
FNDA:3,setDestination
FNDA:3,selectCheckInDate
FNDA:1,selectAdults
FNDA:3,clickSearchHotel
DA:4,1
DA:7,1
DA:10,3
DA:13,1
DA:14,1
DA:15,1
DA:16,1
DA:17,1
DA:18,1
DA:19,1
DA:20,1
DA:21,1
DA:22,1
DA:24,1
DA:33,0
DA:34,0
DA:42,3
DA:49,3
DA:50,3
DA:51,3
DA:52,3
DA:55,0
DA:64,3
DA:65,3
DA:66,0
DA:68,3
DA:69,3
DA:70,3
DA:74,0
DA:83,1
DA:90,3
LF:31
LH:26
BRDA:10,0,0,1
BRDA:10,0,1,0
BRDA:65,1,0,0
BRDA:65,1,1,3
BRF:4
BRH:2
end_of_record
TN:
SF:pages\hotelResultsPage.js
FN:10,HotelResultsPage
FN:26,hasHotelResultHeading
FN:31,getSearchCityDateText
FN:36,getSearchDayNightText
FN:41,selectStarRating
FN:44,(anonymous_13)
FN:45,(anonymous_14)
FN:56,getStarRatingCount
FN:65,resultPaginationCount
FN:70,clickHotelName
FN:75,clickBookThisRoom
FN:84,getHotelAddedText
FNF:12
FNH:10
FNDA:1,HotelResultsPage
FNDA:1,hasHotelResultHeading
FNDA:3,getSearchCityDateText
FNDA:1,getSearchDayNightText
FNDA:2,selectStarRating
FNDA:8,(anonymous_13)
FNDA:8,(anonymous_14)
FNDA:1,getStarRatingCount
FNDA:2,resultPaginationCount
FNDA:1,clickHotelName
FNDA:0,clickBookThisRoom
FNDA:0,getHotelAddedText
DA:4,1
DA:5,1
DA:6,1
DA:10,3
DA:13,1
DA:14,1
DA:15,1
DA:16,1
DA:17,1
DA:18,1
DA:19,1
DA:20,1
DA:21,1
DA:23,1
DA:27,1
DA:28,1
DA:32,3
DA:33,3
DA:37,1
DA:38,1
DA:42,2
DA:43,2
DA:44,2
DA:45,8
DA:46,8
DA:49,2
DA:52,0
DA:57,1
DA:58,1
DA:59,1
DA:60,1
DA:61,1
DA:66,2
DA:67,2
DA:71,1
DA:72,0
DA:76,0
DA:77,0
DA:78,0
DA:81,0
DA:85,0
DA:86,0
LF:42
LH:34
BRDA:10,0,0,1
BRDA:10,0,1,0
BRDA:77,1,0,0
BRDA:77,1,1,0
BRF:4
BRH:1
end_of_record
TN:
SF:specs\HotelSpec.js
FN:9,(anonymous_1)
FN:10,(anonymous_2)
FN:14,(anonymous_3)
FN:28,(anonymous_4)
FN:40,(anonymous_5)
FNF:5
FNH:5
FNDA:1,(anonymous_1)
FNDA:3,(anonymous_2)
FNDA:1,(anonymous_3)
FNDA:1,(anonymous_4)
FNDA:1,(anonymous_5)
DA:1,1
DA:2,1
DA:3,1
DA:6,1
DA:9,1
DA:10,1
DA:11,3
DA:14,1
DA:15,1
DA:16,1
DA:17,1
DA:18,1
DA:19,1
DA:21,1
DA:22,1
DA:23,1
DA:24,1
DA:25,1
DA:28,1
DA:29,1
DA:30,1
DA:31,1
DA:32,1
DA:34,1
DA:36,1
DA:37,1
DA:40,1
DA:41,1
DA:42,1
DA:43,1
DA:44,1
DA:46,1
DA:47,1
DA:48,0
DA:50,0
LF:35
LH:33
BRF:0
BRH:0
end_of_record
